<?xml version="1.0" encoding="UTF-8"?>
<coverage generated="1493544995948" clover="3.2.0">
  <project timestamp="1493544995949" name="All files">
    <metrics statements="53" coveredstatements="17" conditionals="21" coveredconditionals="8" methods="16" coveredmethods="7" elements="90" coveredelements="32" complexity="0" loc="53" ncloc="53" packages="2" files="4" classes="4">
      <package name="src">
        <metrics statements="51" coveredstatements="15" conditionals="21" coveredconditionals="8" methods="15" coveredmethods="6"/>
        <file name="actions.js" path="/home/gabriel/code/cursos/platzi/platzi-blog/src/actions.js">
          <metrics statements="17" coveredstatements="1" conditionals="0" coveredconditionals="0" methods="9" coveredmethods="1"/>
          <line num="4" count="0" type="stmt"/>
          <line num="11" count="1" type="stmt"/>
          <line num="18" count="0" type="stmt"/>
          <line num="25" count="0" type="stmt"/>
          <line num="26" count="0" type="stmt"/>
          <line num="27" count="0" type="stmt"/>
          <line num="29" count="0" type="stmt"/>
          <line num="30" count="0" type="stmt"/>
          <line num="32" count="0" type="stmt"/>
          <line num="37" count="0" type="stmt"/>
          <line num="38" count="0" type="stmt"/>
          <line num="39" count="0" type="stmt"/>
          <line num="41" count="0" type="stmt"/>
          <line num="46" count="0" type="stmt"/>
          <line num="47" count="0" type="stmt"/>
          <line num="48" count="0" type="stmt"/>
          <line num="50" count="0" type="stmt"/>
        </file>
        <file name="api.js" path="/home/gabriel/code/cursos/platzi/platzi-blog/src/api.js">
          <metrics statements="17" coveredstatements="2" conditionals="5" coveredconditionals="0" methods="0" coveredmethods="0"/>
          <line num="3" count="1" type="stmt"/>
          <line num="6" count="1" type="stmt"/>
          <line num="11" count="0" type="stmt"/>
          <line num="12" count="0" type="stmt"/>
          <line num="13" count="0" type="stmt"/>
          <line num="17" count="0" type="stmt"/>
          <line num="18" count="0" type="stmt"/>
          <line num="19" count="0" type="stmt"/>
          <line num="23" count="0" type="stmt"/>
          <line num="24" count="0" type="stmt"/>
          <line num="25" count="0" type="stmt"/>
          <line num="32" count="0" type="stmt"/>
          <line num="33" count="0" type="stmt"/>
          <line num="34" count="0" type="stmt"/>
          <line num="37" count="0" type="stmt"/>
          <line num="38" count="0" type="stmt"/>
          <line num="39" count="0" type="stmt"/>
        </file>
        <file name="reducer.js" path="/home/gabriel/code/cursos/platzi/platzi-blog/src/reducer.js">
          <metrics statements="17" coveredstatements="12" conditionals="16" coveredconditionals="8" methods="6" coveredmethods="5"/>
          <line num="7" count="1" type="stmt"/>
          <line num="17" count="1" type="cond" truecount="1" falsecount="1"/>
          <line num="19" count="0" type="stmt"/>
          <line num="21" count="1" type="stmt"/>
          <line num="26" count="1" type="cond" truecount="1" falsecount="1"/>
          <line num="28" count="0" type="stmt"/>
          <line num="30" count="0" type="stmt"/>
          <line num="34" count="1" type="stmt"/>
          <line num="38" count="1" type="stmt"/>
          <line num="44" count="1" type="cond" truecount="1" falsecount="1"/>
          <line num="46" count="1" type="stmt"/>
          <line num="48" count="2" type="stmt"/>
          <line num="52" count="0" type="stmt"/>
          <line num="57" count="1" type="cond" truecount="1" falsecount="1"/>
          <line num="59" count="0" type="stmt"/>
          <line num="61" count="1" type="stmt"/>
          <line num="65" count="1" type="stmt"/>
        </file>
      </package>
      <package name="src.comments.components">
        <metrics statements="2" coveredstatements="2" conditionals="0" coveredconditionals="0" methods="1" coveredmethods="1"/>
        <file name="Comment.jsx" path="/home/gabriel/code/cursos/platzi/platzi-blog/src/comments/components/Comment.jsx">
          <metrics statements="2" coveredstatements="2" conditionals="0" coveredconditionals="0" methods="1" coveredmethods="1"/>
          <line num="6" count="1" type="stmt"/>
          <line num="24" count="1" type="stmt"/>
        </file>
      </package>
    </metrics>
  </project>
</coverage>
