{"/home/gabriel/code/cursos/platzi/platzi-blog/src/actions.js": {"path":"/home/gabriel/code/cursos/platzi/platzi-blog/src/actions.js","statementMap":{"0":{"start":{"line":4,"column":2},"end":{"line":7,"column":4}},"1":{"start":{"line":11,"column":2},"end":{"line":14,"column":4}},"2":{"start":{"line":18,"column":2},"end":{"line":21,"column":4}},"3":{"start":{"line":25,"column":2},"end":{"line":33,"column":4}},"4":{"start":{"line":26,"column":18},"end":{"line":26,"column":28}},"5":{"start":{"line":27,"column":24},"end":{"line":27,"column":54}},"6":{"start":{"line":29,"column":18},"end":{"line":29,"column":54}},"7":{"start":{"line":30,"column":4},"end":{"line":30,"column":29}},"8":{"start":{"line":32,"column":4},"end":{"line":32,"column":17}},"9":{"start":{"line":37,"column":2},"end":{"line":42,"column":4}},"10":{"start":{"line":38,"column":21},"end":{"line":38,"column":56}},"11":{"start":{"line":39,"column":4},"end":{"line":39,"column":36}},"12":{"start":{"line":41,"column":4},"end":{"line":41,"column":20}},"13":{"start":{"line":46,"column":2},"end":{"line":51,"column":4}},"14":{"start":{"line":47,"column":17},"end":{"line":47,"column":50}},"15":{"start":{"line":48,"column":4},"end":{"line":48,"column":28}},"16":{"start":{"line":50,"column":4},"end":{"line":50,"column":16}}},"fnMap":{"0":{"name":"setPost","decl":{"start":{"line":3,"column":9},"end":{"line":3,"column":16}},"loc":{"start":{"line":3,"column":23},"end":{"line":8,"column":1}},"line":3},"1":{"name":"setComments","decl":{"start":{"line":10,"column":9},"end":{"line":10,"column":20}},"loc":{"start":{"line":10,"column":31},"end":{"line":15,"column":1}},"line":10},"2":{"name":"setUser","decl":{"start":{"line":17,"column":9},"end":{"line":17,"column":16}},"loc":{"start":{"line":17,"column":23},"end":{"line":22,"column":1}},"line":17},"3":{"name":"postsNextPage","decl":{"start":{"line":24,"column":9},"end":{"line":24,"column":22}},"loc":{"start":{"line":24,"column":25},"end":{"line":34,"column":1}},"line":24},"4":{"name":"(anonymous_4)","decl":{"start":{"line":25,"column":9},"end":{"line":25,"column":10}},"loc":{"start":{"line":25,"column":39},"end":{"line":33,"column":3}},"line":25},"5":{"name":"loadCommentsForPost","decl":{"start":{"line":36,"column":9},"end":{"line":36,"column":28}},"loc":{"start":{"line":36,"column":37},"end":{"line":43,"column":1}},"line":36},"6":{"name":"(anonymous_6)","decl":{"start":{"line":37,"column":9},"end":{"line":37,"column":10}},"loc":{"start":{"line":37,"column":29},"end":{"line":42,"column":3}},"line":37},"7":{"name":"loadUser","decl":{"start":{"line":45,"column":9},"end":{"line":45,"column":17}},"loc":{"start":{"line":45,"column":26},"end":{"line":52,"column":1}},"line":45},"8":{"name":"(anonymous_8)","decl":{"start":{"line":46,"column":9},"end":{"line":46,"column":10}},"loc":{"start":{"line":46,"column":29},"end":{"line":51,"column":3}},"line":46}},"branchMap":{},"s":{"0":0,"1":1,"2":0,"3":0,"4":0,"5":0,"6":0,"7":0,"8":0,"9":0,"10":0,"11":0,"12":0,"13":0,"14":0,"15":0,"16":0},"f":{"0":0,"1":1,"2":0,"3":0,"4":0,"5":0,"6":0,"7":0,"8":0},"b":{},"_coverageSchema":"332fd63041d2c1bcb487cc26dd0d5f7d97098a6c","hash":"c9c22de097bc1264970f8a8d1bf2fe708b61eaa8"}
,"/home/gabriel/code/cursos/platzi/platzi-blog/src/api.js": {"path":"/home/gabriel/code/cursos/platzi/platzi-blog/src/api.js","statementMap":{"0":{"start":{"line":3,"column":16},"end":{"line":3,"column":54}},"1":{"start":{"line":6,"column":12},"end":{"line":42,"column":1}},"2":{"start":{"line":11,"column":23},"end":{"line":11,"column":68}},"3":{"start":{"line":12,"column":19},"end":{"line":12,"column":40}},"4":{"start":{"line":13,"column":6},"end":{"line":13,"column":18}},"5":{"start":{"line":17,"column":23},"end":{"line":17,"column":60}},"6":{"start":{"line":18,"column":19},"end":{"line":18,"column":40}},"7":{"start":{"line":19,"column":6},"end":{"line":19,"column":18}},"8":{"start":{"line":23,"column":23},"end":{"line":23,"column":68}},"9":{"start":{"line":24,"column":19},"end":{"line":24,"column":40}},"10":{"start":{"line":25,"column":6},"end":{"line":25,"column":18}},"11":{"start":{"line":32,"column":23},"end":{"line":32,"column":60}},"12":{"start":{"line":33,"column":19},"end":{"line":33,"column":40}},"13":{"start":{"line":34,"column":6},"end":{"line":34,"column":18}},"14":{"start":{"line":37,"column":23},"end":{"line":37,"column":68}},"15":{"start":{"line":38,"column":19},"end":{"line":38,"column":40}},"16":{"start":{"line":39,"column":6},"end":{"line":39,"column":18}}},"fnMap":{},"branchMap":{"0":{"loc":{"start":{"line":10,"column":18},"end":{"line":10,"column":26}},"type":"default-arg","locations":[{"start":{"line":10,"column":25},"end":{"line":10,"column":26}}],"line":10},"1":{"loc":{"start":{"line":16,"column":20},"end":{"line":16,"column":26}},"type":"default-arg","locations":[{"start":{"line":16,"column":25},"end":{"line":16,"column":26}}],"line":16},"2":{"loc":{"start":{"line":22,"column":22},"end":{"line":22,"column":28}},"type":"default-arg","locations":[{"start":{"line":22,"column":27},"end":{"line":22,"column":28}}],"line":22},"3":{"loc":{"start":{"line":31,"column":20},"end":{"line":31,"column":26}},"type":"default-arg","locations":[{"start":{"line":31,"column":25},"end":{"line":31,"column":26}}],"line":31},"4":{"loc":{"start":{"line":36,"column":19},"end":{"line":36,"column":25}},"type":"default-arg","locations":[{"start":{"line":36,"column":24},"end":{"line":36,"column":25}}],"line":36}},"s":{"0":1,"1":1,"2":0,"3":0,"4":0,"5":0,"6":0,"7":0,"8":0,"9":0,"10":0,"11":0,"12":0,"13":0,"14":0,"15":0,"16":0},"f":{},"b":{"0":[0],"1":[0],"2":[0],"3":[0],"4":[0]},"_coverageSchema":"332fd63041d2c1bcb487cc26dd0d5f7d97098a6c","hash":"94aa0bad6caa447724fb6d049f79cf69ab5f7027"}
,"/home/gabriel/code/cursos/platzi/platzi-blog/src/reducer.js": {"path":"/home/gabriel/code/cursos/platzi/platzi-blog/src/reducer.js","statementMap":{"0":{"start":{"line":7,"column":21},"end":{"line":14,"column":2}},"1":{"start":{"line":17,"column":2},"end":{"line":22,"column":3}},"2":{"start":{"line":19,"column":6},"end":{"line":19,"column":23}},"3":{"start":{"line":21,"column":6},"end":{"line":21,"column":19}},"4":{"start":{"line":26,"column":2},"end":{"line":35,"column":3}},"5":{"start":{"line":28,"column":6},"end":{"line":32,"column":10}},"6":{"start":{"line":30,"column":27},"end":{"line":30,"column":56}},"7":{"start":{"line":34,"column":6},"end":{"line":34,"column":19}},"8":{"start":{"line":38,"column":21},"end":{"line":41,"column":2}},"9":{"start":{"line":44,"column":2},"end":{"line":53,"column":3}},"10":{"start":{"line":46,"column":6},"end":{"line":50,"column":10}},"11":{"start":{"line":48,"column":33},"end":{"line":48,"column":71}},"12":{"start":{"line":52,"column":6},"end":{"line":52,"column":19}},"13":{"start":{"line":57,"column":2},"end":{"line":62,"column":3}},"14":{"start":{"line":59,"column":6},"end":{"line":59,"column":63}},"15":{"start":{"line":61,"column":6},"end":{"line":61,"column":19}},"16":{"start":{"line":65,"column":16},"end":{"line":69,"column":2}}},"fnMap":{"0":{"name":"postsPageReducer","decl":{"start":{"line":16,"column":9},"end":{"line":16,"column":25}},"loc":{"start":{"line":16,"column":86},"end":{"line":23,"column":1}},"line":16},"1":{"name":"postsEntitiesReducer","decl":{"start":{"line":25,"column":9},"end":{"line":25,"column":29}},"loc":{"start":{"line":25,"column":94},"end":{"line":36,"column":1}},"line":25},"2":{"name":"(anonymous_2)","decl":{"start":{"line":30,"column":10},"end":{"line":30,"column":11}},"loc":{"start":{"line":30,"column":27},"end":{"line":30,"column":56}},"line":30},"3":{"name":"commentsReducer","decl":{"start":{"line":43,"column":9},"end":{"line":43,"column":24}},"loc":{"start":{"line":43,"column":76},"end":{"line":54,"column":1}},"line":43},"4":{"name":"(anonymous_4)","decl":{"start":{"line":48,"column":10},"end":{"line":48,"column":11}},"loc":{"start":{"line":48,"column":33},"end":{"line":48,"column":71}},"line":48},"5":{"name":"usersReducer","decl":{"start":{"line":56,"column":9},"end":{"line":56,"column":21}},"loc":{"start":{"line":56,"column":70},"end":{"line":63,"column":1}},"line":56}},"branchMap":{"0":{"loc":{"start":{"line":16,"column":26},"end":{"line":16,"column":71}},"type":"default-arg","locations":[{"start":{"line":16,"column":34},"end":{"line":16,"column":71}}],"line":16},"1":{"loc":{"start":{"line":16,"column":73},"end":{"line":16,"column":84}},"type":"default-arg","locations":[{"start":{"line":16,"column":82},"end":{"line":16,"column":84}}],"line":16},"2":{"loc":{"start":{"line":17,"column":2},"end":{"line":22,"column":3}},"type":"switch","locations":[{"start":{"line":18,"column":4},"end":{"line":19,"column":23}},{"start":{"line":20,"column":4},"end":{"line":21,"column":19}}],"line":17},"3":{"loc":{"start":{"line":25,"column":30},"end":{"line":25,"column":79}},"type":"default-arg","locations":[{"start":{"line":25,"column":38},"end":{"line":25,"column":79}}],"line":25},"4":{"loc":{"start":{"line":25,"column":81},"end":{"line":25,"column":92}},"type":"default-arg","locations":[{"start":{"line":25,"column":90},"end":{"line":25,"column":92}}],"line":25},"5":{"loc":{"start":{"line":26,"column":2},"end":{"line":35,"column":3}},"type":"switch","locations":[{"start":{"line":27,"column":4},"end":{"line":32,"column":10}},{"start":{"line":33,"column":4},"end":{"line":34,"column":19}}],"line":26},"6":{"loc":{"start":{"line":43,"column":25},"end":{"line":43,"column":61}},"type":"default-arg","locations":[{"start":{"line":43,"column":33},"end":{"line":43,"column":61}}],"line":43},"7":{"loc":{"start":{"line":43,"column":63},"end":{"line":43,"column":74}},"type":"default-arg","locations":[{"start":{"line":43,"column":72},"end":{"line":43,"column":74}}],"line":43},"8":{"loc":{"start":{"line":44,"column":2},"end":{"line":53,"column":3}},"type":"switch","locations":[{"start":{"line":45,"column":4},"end":{"line":50,"column":10}},{"start":{"line":51,"column":4},"end":{"line":52,"column":19}}],"line":44},"9":{"loc":{"start":{"line":56,"column":22},"end":{"line":56,"column":55}},"type":"default-arg","locations":[{"start":{"line":56,"column":30},"end":{"line":56,"column":55}}],"line":56},"10":{"loc":{"start":{"line":56,"column":57},"end":{"line":56,"column":68}},"type":"default-arg","locations":[{"start":{"line":56,"column":66},"end":{"line":56,"column":68}}],"line":56},"11":{"loc":{"start":{"line":57,"column":2},"end":{"line":62,"column":3}},"type":"switch","locations":[{"start":{"line":58,"column":4},"end":{"line":59,"column":63}},{"start":{"line":60,"column":4},"end":{"line":61,"column":19}}],"line":57}},"s":{"0":1,"1":1,"2":0,"3":1,"4":1,"5":0,"6":0,"7":1,"8":1,"9":1,"10":1,"11":2,"12":0,"13":1,"14":0,"15":1,"16":1},"f":{"0":1,"1":1,"2":0,"3":1,"4":2,"5":1},"b":{"0":[1],"1":[0],"2":[0,1],"3":[1],"4":[0],"5":[0,1],"6":[1],"7":[0],"8":[1,0],"9":[1],"10":[0],"11":[0,1]},"_coverageSchema":"332fd63041d2c1bcb487cc26dd0d5f7d97098a6c","hash":"a73f2fdcd9da985066348f2d3b2c00ea581db811"}
,"/home/gabriel/code/cursos/platzi/platzi-blog/src/comments/components/Comment.jsx": {"path":"/home/gabriel/code/cursos/platzi/platzi-blog/src/comments/components/Comment.jsx","statementMap":{"0":{"start":{"line":6,"column":2},"end":{"line":21,"column":4}},"1":{"start":{"line":24,"column":0},"end":{"line":29,"column":2}}},"fnMap":{"0":{"name":"Comment","decl":{"start":{"line":5,"column":9},"end":{"line":5,"column":16}},"loc":{"start":{"line":5,"column":24},"end":{"line":22,"column":1}},"line":5}},"branchMap":{},"s":{"0":1,"1":1},"f":{"0":1},"b":{},"_coverageSchema":"332fd63041d2c1bcb487cc26dd0d5f7d97098a6c","hash":"14b2eba23da04f5825dfcbaa725819fc73bb939c"}
}
