TN:
SF:/home/gabriel/code/cursos/platzi/platzi-blog/src/actions.js
FN:3,setPost
FN:10,setComments
FN:17,setUser
FN:24,postsNextPage
FN:25,(anonymous_4)
FN:36,loadCommentsForPost
FN:37,(anonymous_6)
FN:45,loadUser
FN:46,(anonymous_8)
FNF:9
FNH:1
FNDA:0,setPost
FNDA:1,setComments
FNDA:0,setUser
FNDA:0,postsNextPage
FNDA:0,(anonymous_4)
FNDA:0,loadCommentsForPost
FNDA:0,(anonymous_6)
FNDA:0,loadUser
FNDA:0,(anonymous_8)
DA:4,0
DA:11,1
DA:18,0
DA:25,0
DA:26,0
DA:27,0
DA:29,0
DA:30,0
DA:32,0
DA:37,0
DA:38,0
DA:39,0
DA:41,0
DA:46,0
DA:47,0
DA:48,0
DA:50,0
LF:17
LH:1
BRF:0
BRH:0
end_of_record
TN:
SF:/home/gabriel/code/cursos/platzi/platzi-blog/src/api.js
FNF:0
FNH:0
DA:3,1
DA:6,1
DA:11,0
DA:12,0
DA:13,0
DA:17,0
DA:18,0
DA:19,0
DA:23,0
DA:24,0
DA:25,0
DA:32,0
DA:33,0
DA:34,0
DA:37,0
DA:38,0
DA:39,0
LF:17
LH:2
BRDA:10,0,0,0
BRDA:16,1,0,0
BRDA:22,2,0,0
BRDA:31,3,0,0
BRDA:36,4,0,0
BRF:5
BRH:0
end_of_record
TN:
SF:/home/gabriel/code/cursos/platzi/platzi-blog/src/reducer.js
FN:16,postsPageReducer
FN:25,postsEntitiesReducer
FN:30,(anonymous_2)
FN:43,commentsReducer
FN:48,(anonymous_4)
FN:56,usersReducer
FNF:6
FNH:5
FNDA:1,postsPageReducer
FNDA:1,postsEntitiesReducer
FNDA:0,(anonymous_2)
FNDA:1,commentsReducer
FNDA:2,(anonymous_4)
FNDA:1,usersReducer
DA:7,1
DA:17,1
DA:19,0
DA:21,1
DA:26,1
DA:28,0
DA:30,0
DA:34,1
DA:38,1
DA:44,1
DA:46,1
DA:48,2
DA:52,0
DA:57,1
DA:59,0
DA:61,1
DA:65,1
LF:17
LH:12
BRDA:16,0,0,1
BRDA:16,1,0,0
BRDA:17,2,0,0
BRDA:17,2,1,1
BRDA:25,3,0,1
BRDA:25,4,0,0
BRDA:26,5,0,0
BRDA:26,5,1,1
BRDA:43,6,0,1
BRDA:43,7,0,0
BRDA:44,8,0,1
BRDA:44,8,1,0
BRDA:56,9,0,1
BRDA:56,10,0,0
BRDA:57,11,0,0
BRDA:57,11,1,1
BRF:16
BRH:8
end_of_record
TN:
SF:/home/gabriel/code/cursos/platzi/platzi-blog/src/comments/components/Comment.jsx
FN:5,Comment
FNF:1
FNH:1
FNDA:1,Comment
DA:6,1
DA:24,1
LF:2
LH:2
BRF:0
BRH:0
end_of_record
